[    0.000000] Linux version 4.15.0-117-generic (buildd@lcy01-amd64-008) (gcc version 7.5.0 (Ubuntu 7.5.0-3ubuntu1~18.04)) #118-Ubuntu SMP Fri Sep 4 20:02:41 UTC 2020 (Ubuntu 4.15.0-117.118-generic 4.15.18)
[    0.000000] Command line: BOOT_IMAGE=/boot/vmlinuz-4.15.0-117-generic root=UUID=b0be6dbd-dc02-4cf2-b0d8-cf35afdedeb2 ro console=tty1 console=ttyS0
[    0.000000] KERNEL supported cpus:
[    0.000000]   Intel GenuineIntel
[    0.000000]   AMD AuthenticAMD
[    0.000000]   Centaur CentaurHauls
[    0.000000] x86/fpu: Supporting XSAVE feature 0x001: 'x87 floating point registers'
[    0.000000] x86/fpu: Supporting XSAVE feature 0x002: 'SSE registers'
[    0.000000] x86/fpu: Supporting XSAVE feature 0x004: 'AVX registers'
[    0.000000] x86/fpu: xstate_offset[2]:  576, xstate_sizes[2]:  256
[    0.000000] x86/fpu: Enabled xstate features 0x7, context size is 832 bytes, using 'standard' format.
[    0.000000] e820: BIOS-provided physical RAM map:
[    0.000000] BIOS-e820: [mem 0x0000000000000000-0x000000000009fbff] usable
[    0.000000] BIOS-e820: [mem 0x000000000009fc00-0x000000000009ffff] reserved
[    0.000000] BIOS-e820: [mem 0x00000000000f0000-0x00000000000fffff] reserved
[    0.000000] BIOS-e820: [mem 0x0000000000100000-0x000000001ffeffff] usable
[    0.000000] BIOS-e820: [mem 0x000000001fff0000-0x000000001fffffff] ACPI data
[    0.000000] BIOS-e820: [mem 0x00000000fec00000-0x00000000fec00fff] reserved
[    0.000000] BIOS-e820: [mem 0x00000000fee00000-0x00000000fee00fff] reserved
[    0.000000] BIOS-e820: [mem 0x00000000fffc0000-0x00000000ffffffff] reserved
[    0.000000] NX (Execute Disable) protection: active
[    0.000000] SMBIOS 2.5 present.
[    0.000000] DMI: innotek GmbH VirtualBox/VirtualBox, BIOS VirtualBox 12/01/2006
[    0.000000] Hypervisor detected: KVM
[    0.000000] e820: last_pfn = 0x1fff0 max_arch_pfn = 0x400000000
[    0.000000] MTRR: Disabled
[    0.000000] x86/PAT: MTRRs disabled, skipping PAT initialization too.
[    0.000000] CPU MTRRs all blank - virtualized system.
[    0.000000] x86/PAT: Configuration [0-7]: WB  WT  UC- UC  WB  WT  UC- UC  
[    0.000000] found SMP MP-table at [mem 0x0009fff0-0x0009ffff]
[    0.000000] Scanning 1 areas for low memory corruption
[    0.000000] RAMDISK: [mem 0x1db7e000-0x1eec8fff]
[    0.000000] ACPI: Early table checksum verification disabled
[    0.000000] ACPI: RSDP 0x00000000000E0000 000024 (v02 VBOX  )
[    0.000000] ACPI: XSDT 0x000000001FFF0030 00003C (v01 VBOX   VBOXXSDT 00000001 ASL  00000061)
[    0.000000] ACPI: FACP 0x000000001FFF00F0 0000F4 (v04 VBOX   VBOXFACP 00000001 ASL  00000061)
[    0.000000] ACPI: DSDT 0x000000001FFF0470 002325 (v02 VBOX   VBOXBIOS 00000002 INTL 20190509)
[    0.000000] ACPI: FACS 0x000000001FFF0200 000040
[    0.000000] ACPI: FACS 0x000000001FFF0200 000040
[    0.000000] ACPI: APIC 0x000000001FFF0240 000054 (v02 VBOX   VBOXAPIC 00000001 ASL  00000061)
[    0.000000] ACPI: SSDT 0x000000001FFF02A0 0001CC (v01 VBOX   VBOXCPUT 00000002 INTL 20190509)
[    0.000000] No NUMA configuration found
[    0.000000] Faking a node at [mem 0x0000000000000000-0x000000001ffeffff]
[    0.000000] NODE_DATA(0) allocated [mem 0x1ffc5000-0x1ffeffff]
[    0.000000] kvm-clock: cpu 0, msr 0:1ff44001, primary cpu clock
[    0.000000] kvm-clock: Using msrs 4b564d01 and 4b564d00
[    0.000000] kvm-clock: using sched offset of 3607317085 cycles
[    0.000000] clocksource: kvm-clock: mask: 0xffffffffffffffff max_cycles: 0x1cd42e4dffb, max_idle_ns: 881590591483 ns
[    0.000000] Zone ranges:
[    0.000000]   DMA      [mem 0x0000000000001000-0x0000000000ffffff]
[    0.000000]   DMA32    [mem 0x0000000001000000-0x000000001ffeffff]
[    0.000000]   Normal   empty
[    0.000000]   Device   empty
[    0.000000] Movable zone start for each node
[    0.000000] Early memory node ranges
[    0.000000]   node   0: [mem 0x0000000000001000-0x000000000009efff]
[    0.000000]   node   0: [mem 0x0000000000100000-0x000000001ffeffff]
[    0.000000] Reserved but unavailable: 98 pages
[    0.000000] Initmem setup node 0 [mem 0x0000000000001000-0x000000001ffeffff]
[    0.000000] ACPI: PM-Timer IO Port: 0x4008
[    0.000000] IOAPIC[0]: apic_id 1, version 32, address 0xfec00000, GSI 0-23
[    0.000000] ACPI: INT_SRC_OVR (bus 0 bus_irq 0 global_irq 2 dfl dfl)
[    0.000000] ACPI: INT_SRC_OVR (bus 0 bus_irq 9 global_irq 9 low level)
[    0.000000] Using ACPI (MADT) for SMP configuration information
[    0.000000] smpboot: Allowing 1 CPUs, 0 hotplug CPUs
[    0.000000] PM: Registered nosave memory: [mem 0x00000000-0x00000fff]
[    0.000000] PM: Registered nosave memory: [mem 0x0009f000-0x0009ffff]
[    0.000000] PM: Registered nosave memory: [mem 0x000a0000-0x000effff]
[    0.000000] PM: Registered nosave memory: [mem 0x000f0000-0x000fffff]
[    0.000000] e820: [mem 0x20000000-0xfebfffff] available for PCI devices
[    0.000000] Booting paravirtualized kernel on KVM
[    0.000000] clocksource: refined-jiffies: mask: 0xffffffff max_cycles: 0xffffffff, max_idle_ns: 7645519600211568 ns
[    0.000000] random: get_random_bytes called from start_kernel+0x99/0x500 with crng_init=0
[    0.000000] setup_percpu: NR_CPUS:8192 nr_cpumask_bits:1 nr_cpu_ids:1 nr_node_ids:1
[    0.000000] percpu: Embedded 45 pages/cpu s147456 r8192 d28672 u2097152
[    0.000000] PV qspinlock hash table entries: 256 (order: 0, 4096 bytes)
[    0.000000] Built 1 zonelists, mobility grouping on.  Total pages: 128889
[    0.000000] Policy zone: DMA32
[    0.000000] Kernel command line: BOOT_IMAGE=/boot/vmlinuz-4.15.0-117-generic root=UUID=b0be6dbd-dc02-4cf2-b0d8-cf35afdedeb2 ro console=tty1 console=ttyS0
[    0.000000] Memory: 466576K/523832K available (12300K kernel code, 2481K rwdata, 4272K rodata, 2436K init, 2724K bss, 57256K reserved, 0K cma-reserved)
[    0.000000] SLUB: HWalign=64, Order=0-3, MinObjects=0, CPUs=1, Nodes=1
[    0.000000] Kernel/User page tables isolation: enabled
[    0.000000] ftrace: allocating 39392 entries in 154 pages
[    0.004000] Hierarchical RCU implementation.
[    0.004000] 	RCU restricting CPUs from NR_CPUS=8192 to nr_cpu_ids=1.
[    0.004000] 	Tasks RCU enabled.
[    0.004000] RCU: Adjusting geometry for rcu_fanout_leaf=16, nr_cpu_ids=1
[    0.004000] NR_IRQS: 524544, nr_irqs: 256, preallocated irqs: 16
[    0.004000] Console: colour VGA+ 80x25
[    0.004000] console [tty1] enabled
[    0.004000] console [ttyS0] enabled
[    0.004000] ACPI: Core revision 20170831
[    0.004000] ACPI: 2 ACPI AML tables successfully acquired and loaded
[    0.004000] APIC: Switch to symmetric I/O mode setup
[    0.004000] x2apic enabled
[    0.004000] Switched APIC routing to physical x2apic.
[    0.004000] ..TIMER: vector=0x30 apic1=0 pin1=2 apic2=-1 pin2=-1
[    0.004006] tsc: Detected 2394.456 MHz processor
[    0.008019] Calibrating delay loop (skipped) preset value.. 4788.91 BogoMIPS (lpj=9577824)
[    0.012009] pid_max: default: 32768 minimum: 301
[    0.013080] Security Framework initialized
[    0.013990] Yama: becoming mindful.
[    0.014818] AppArmor: AppArmor initialized
[    0.016120] Dentry cache hash table entries: 65536 (order: 7, 524288 bytes)
[    0.017769] Inode-cache hash table entries: 32768 (order: 6, 262144 bytes)
[    0.020040] Mount-cache hash table entries: 1024 (order: 1, 8192 bytes)
[    0.024019] Mountpoint-cache hash table entries: 1024 (order: 1, 8192 bytes)
[    0.028520] process: using mwait in idle threads
[    0.032014] Last level iTLB entries: 4KB 1024, 2MB 1024, 4MB 1024
[    0.033298] Last level dTLB entries: 4KB 1024, 2MB 1024, 4MB 1024, 1GB 4
[    0.036007] Spectre V1 : Mitigation: usercopy/swapgs barriers and __user pointer sanitization
[    0.037843] Spectre V2 : Mitigation: Full generic retpoline
[    0.040008] Spectre V2 : Spectre v2 / SpectreRSB mitigation: Filling RSB on context switch
[    0.042158] Speculative Store Bypass: Vulnerable
[    0.044068] SRBDS: Unknown: Dependent on hypervisor status
[    0.048008] MDS: Mitigation: Clear CPU buffers
[    0.076042] Freeing SMP alternatives memory: 36K
[    0.189027] smpboot: CPU0: Intel(R) Core(TM) i5-4210U CPU @ 1.70GHz (family: 0x6, model: 0x45, stepping: 0x1)
[    0.192163] Performance Events: unsupported p6 CPU model 69 no PMU driver, software events only.
[    0.196092] Hierarchical SRCU implementation.
[    0.201758] NMI watchdog: Perf event create on CPU 0 failed with -2
[    0.204009] NMI watchdog: Perf NMI watchdog permanently disabled
[    0.205565] smp: Bringing up secondary CPUs ...
[    0.208006] smp: Brought up 1 node, 1 CPU
[    0.208971] smpboot: Max logical packages: 1
[    0.210131] smpboot: Total of 1 processors activated (4788.91 BogoMIPS)
[    0.212000] devtmpfs: initialized
[    0.212120] x86/mm: Memory block size: 128MB
[    0.216215] evm: security.selinux
[    0.217062] evm: security.SMACK64
[    0.217888] evm: security.SMACK64EXEC
[    0.218838] evm: security.SMACK64TRANSMUTE
[    0.219783] evm: security.SMACK64MMAP
[    0.220011] evm: security.apparmor
[    0.220829] evm: security.ima
[    0.221600] evm: security.capability
[    0.222774] clocksource: jiffies: mask: 0xffffffff max_cycles: 0xffffffff, max_idle_ns: 7645041785100000 ns
[    0.224030] futex hash table entries: 256 (order: 2, 16384 bytes)
[    0.228111] pinctrl core: initialized pinctrl subsystem
[    0.229727] RTC time: 14:00:31, date: 09/09/20
[    0.231007] NET: Registered protocol family 16
[    0.232169] audit: initializing netlink subsys (disabled)
[    0.233994] cpuidle: using governor ladder
[    0.235133] cpuidle: using governor menu
[    0.236088] ACPI: bus type PCI registered
[    0.237075] acpiphp: ACPI Hot Plug PCI Controller Driver version: 0.5
[    0.238786] PCI: Using configuration type 1 for base access
[    0.240084] audit: type=2000 audit(1599660036.415:1): state=initialized audit_enabled=0 res=1
[    0.246154] HugeTLB registered 2.00 MiB page size, pre-allocated 0 pages
[    0.248368] ACPI: Added _OSI(Module Device)
[    0.249356] ACPI: Added _OSI(Processor Device)
[    0.250405] ACPI: Added _OSI(3.0 _SCP Extensions)
[    0.251538] ACPI: Added _OSI(Processor Aggregator Device)
[    0.252024] ACPI: Added _OSI(Linux-Dell-Video)
[    0.253086] ACPI: Added _OSI(Linux-Lenovo-NV-HDMI-Audio)
[    0.255089] ACPI: Added _OSI(Linux-HPI-Hybrid-Graphics)
[    0.256567] ACPI: Executed 1 blocks of module-level executable AML code
[    0.268000] ACPI: Interpreter enabled
[    0.268029] ACPI: (supports S0 S5)
[    0.268861] ACPI: Using IOAPIC for interrupt routing
[    0.270526] PCI: Using host bridge windows from ACPI; if necessary, use "pci=nocrs" and report a bug
[    0.272391] ACPI: Enabled 2 GPEs in block 00 to 07
[    0.288677] ACPI: PCI Root Bridge [PCI0] (domain 0000 [bus 00-ff])
[    0.290410] acpi PNP0A03:00: _OSC: OS supports [ASPM ClockPM Segments MSI]
[    0.293014] acpi PNP0A03:00: _OSC: not requesting OS control; OS requires [ExtendedConfig ASPM ClockPM MSI]
[    0.296038] acpi PNP0A03:00: fail to add MMCONFIG information, can't access extended PCI configuration space under this bridge.
[    0.300446] PCI host bridge to bus 0000:00
[    0.301867] pci_bus 0000:00: root bus resource [io  0x0000-0x0cf7 window]
[    0.303888] pci_bus 0000:00: root bus resource [io  0x0d00-0xffff window]
[    0.304009] pci_bus 0000:00: root bus resource [mem 0x000a0000-0x000bffff window]
[    0.306146] pci_bus 0000:00: root bus resource [mem 0x20000000-0xfdffffff window]
[    0.308017] pci_bus 0000:00: root bus resource [bus 00-ff]
[    0.313273] pci 0000:00:01.1: legacy IDE quirk: reg 0x10: [io  0x01f0-0x01f7]
[    0.316012] pci 0000:00:01.1: legacy IDE quirk: reg 0x14: [io  0x03f6]
[    0.320008] pci 0000:00:01.1: legacy IDE quirk: reg 0x18: [io  0x0170-0x0177]
[    0.322315] pci 0000:00:01.1: legacy IDE quirk: reg 0x1c: [io  0x0376]
[    0.340082] pci 0000:00:07.0: quirk: [io  0x4000-0x403f] claimed by PIIX4 ACPI
[    0.342081] pci 0000:00:07.0: quirk: [io  0x4100-0x410f] claimed by PIIX4 SMB
[    0.353342] ACPI: PCI Interrupt Link [LNKA] (IRQs 5 9 10 *11)
[    0.355560] ACPI: PCI Interrupt Link [LNKB] (IRQs 5 9 *10 11)
[    0.356202] ACPI: PCI Interrupt Link [LNKC] (IRQs 5 *9 10 11)
[    0.360174] ACPI: PCI Interrupt Link [LNKD] (IRQs 5 9 10 *11)
[    0.362139] SCSI subsystem initialized
[    0.363452] pci 0000:00:02.0: vgaarb: setting as boot VGA device
[    0.364000] pci 0000:00:02.0: vgaarb: VGA device added: decodes=io+mem,owns=io+mem,locks=none
[    0.364012] pci 0000:00:02.0: vgaarb: bridge control possible
[    0.368004] vgaarb: loaded
[    0.369057] ACPI: bus type USB registered
[    0.370089] usbcore: registered new interface driver usbfs
[    0.372035] usbcore: registered new interface driver hub
[    0.373377] usbcore: registered new device driver usb
[    0.375818] EDAC MC: Ver: 3.0.0
[    0.376461] PCI: Using ACPI for IRQ routing
[    0.377939] NetLabel: Initializing
[    0.380007] NetLabel:  domain hash size = 128
[    0.381428] NetLabel:  protocols = UNLABELED CIPSOv4 CALIPSO
[    0.382765] NetLabel:  unlabeled traffic allowed by default
[    0.384262] clocksource: Switched to clocksource kvm-clock
[    0.405270] VFS: Disk quotas dquot_6.6.0
[    0.407426] VFS: Dquot-cache hash table entries: 512 (order 0, 4096 bytes)
[    0.409325] AppArmor: AppArmor Filesystem Enabled
[    0.410519] pnp: PnP ACPI init
[    0.412383] pnp: PnP ACPI: found 3 devices
[    0.418958] clocksource: acpi_pm: mask: 0xffffff max_cycles: 0xffffff, max_idle_ns: 2085701024 ns
[    0.422375] NET: Registered protocol family 2
[    0.424519] TCP established hash table entries: 4096 (order: 3, 32768 bytes)
[    0.426655] TCP bind hash table entries: 4096 (order: 4, 65536 bytes)
[    0.428108] TCP: Hash tables configured (established 4096 bind 4096)
[    0.429889] UDP hash table entries: 256 (order: 1, 8192 bytes)
[    0.431211] UDP-Lite hash table entries: 256 (order: 1, 8192 bytes)
[    0.432679] NET: Registered protocol family 1
[    0.433719] pci 0000:00:00.0: Limiting direct PCI/PCI transfers
[    0.436098] pci 0000:00:01.0: Activating ISA DMA hang workarounds
[    0.438250] pci 0000:00:02.0: Video device with shadowed ROM at [mem 0x000c0000-0x000dffff]
[    0.442126] Unpacking initramfs...
[    0.794126] Freeing initrd memory: 19756K
[    0.803866] clocksource: tsc: mask: 0xffffffffffffffff max_cycles: 0x2283c236f90, max_idle_ns: 440795217409 ns
[    0.806901] platform rtc_cmos: registered platform RTC device (no PNP device found)
[    0.809417] Scanning for low memory corruption every 60 seconds
[    0.811752] Initialise system trusted keyrings
[    0.812998] Key type blacklist registered
[    0.814101] workingset: timestamp_bits=36 max_order=17 bucket_order=0
[    0.817661] zbud: loaded
[    0.819288] squashfs: version 4.0 (2009/01/31) Phillip Lougher
[    0.821389] fuse init (API version 7.26)
[    0.824029] Key type asymmetric registered
[    0.825457] Asymmetric key parser 'x509' registered
[    0.826751] Block layer SCSI generic (bsg) driver version 0.4 loaded (major 246)
[    0.828786] io scheduler noop registered
[    0.829803] io scheduler deadline registered
[    0.831318] io scheduler cfq registered (default)
[    0.833275] ACPI: AC Adapter [AC] (on-line)
[    0.834622] input: Power Button as /devices/LNXSYSTM:00/LNXPWRBN:00/input/input0
[    0.836840] ACPI: Power Button [PWRF]
[    0.838777] input: Sleep Button as /devices/LNXSYSTM:00/LNXSLPBN:00/input/input1
[    0.840978] ACPI: Sleep Button [SLPF]
[    0.844345] ACPI: Battery Slot [BAT0] (battery present)
[    0.845912] Serial: 8250/16550 driver, 32 ports, IRQ sharing enabled
[    0.868942] 00:02: ttyS0 at I/O 0x3f8 (irq = 4, base_baud = 115200) is a 16550A
[    0.872552] Linux agpgart interface v0.103
[    0.876972] loop: module loaded
[    0.878562] scsi host0: ata_piix
[    0.879572] scsi host1: ata_piix
[    0.880513] ata1: PATA max UDMA/33 cmd 0x1f0 ctl 0x3f6 bmdma 0xd000 irq 14
[    0.881947] ata2: PATA max UDMA/33 cmd 0x170 ctl 0x376 bmdma 0xd008 irq 15
[    0.883818] libphy: Fixed MDIO Bus: probed
[    0.885058] tun: Universal TUN/TAP device driver, 1.6
[    0.886317] PPP generic driver version 2.4.2
[    0.887599] ehci_hcd: USB 2.0 'Enhanced' Host Controller (EHCI) Driver
[    0.890985] ehci-pci: EHCI PCI platform driver
[    0.892280] ehci-platform: EHCI generic platform driver
[    0.893605] ohci_hcd: USB 1.1 'Open' Host Controller (OHCI) Driver
[    0.895137] ohci-pci: OHCI PCI platform driver
[    0.896205] ohci-platform: OHCI generic platform driver
[    0.897463] uhci_hcd: USB Universal Host Controller Interface driver
[    0.898974] i8042: PNP: PS/2 Controller [PNP0303:PS2K,PNP0f03:PS2M] at 0x60,0x64 irq 1,12
[    0.901523] serio: i8042 KBD port at 0x60,0x64 irq 1
[    0.902756] serio: i8042 AUX port at 0x60,0x64 irq 12
[    0.904246] mousedev: PS/2 mouse device common for all mice
[    0.906213] input: AT Translated Set 2 keyboard as /devices/platform/i8042/serio0/input/input2
[    0.909726] rtc_cmos rtc_cmos: rtc core: registered rtc_cmos as rtc0
[    0.911238] rtc_cmos rtc_cmos: alarms up to one day, 114 bytes nvram
[    0.912900] i2c /dev entries driver
[    0.913776] device-mapper: uevent: version 1.0.3
[    0.914937] device-mapper: ioctl: 4.37.0-ioctl (2017-09-20) initialised: dm-devel@redhat.com
[    0.916892] ledtrig-cpu: registered to indicate activity on CPUs
[    0.919367] NET: Registered protocol family 10
[    0.924477] Segment Routing with IPv6
[    0.926547] NET: Registered protocol family 17
[    0.927669] Key type dns_resolver registered
[    0.928844] mce: Using 0 MCE banks
[    0.929650] RAS: Correctable Errors collector initialized.
[    0.930910] sched_clock: Marking stable (928695405, 0)->(1172336173, -243640768)
[    0.932911] registered taskstats version 1
[    0.933891] Loading compiled-in X.509 certificates
[    0.939172] Loaded X.509 cert 'Build time autogenerated kernel key: 993aedfcb7091aab7364eeb95e85a8dab512d887'
[    0.943458] zswap: loaded using pool lzo/zbud
[    0.948198] Key type big_key registered
[    0.949187] Key type trusted registered
[    0.951950] Key type encrypted registered
[    0.952987] AppArmor: AppArmor sha1 policy hashing enabled
[    0.955020] ima: No TPM chip found, activating TPM-bypass! (rc=-19)
[    0.957651] ima: Allocated hash algorithm: sha1
[    0.959096] evm: HMAC attrs: 0x1
[    0.960204]   Magic number: 4:141:30
[    0.961114] rtc_cmos rtc_cmos: setting system clock to 2020-09-09 14:00:31 UTC (1599660031)
[    0.962979] BIOS EDD facility v0.16 2004-Jun-25, 0 devices found
[    0.964290] EDD information not available.
[    1.067987] Freeing unused kernel image memory: 2436K
[    1.076167] Write protecting the kernel read-only data: 20480k
[    1.078384] Freeing unused kernel image memory: 2008K
[    1.080108] Freeing unused kernel image memory: 1872K
[    1.092282] x86/mm: Checked W+X mappings: passed, no W+X pages found.
[    1.093805] x86/mm: Checking user space page tables
[    1.104049] x86/mm: Checked W+X mappings: passed, no W+X pages found.
Loading, please wait...
starting version 237
[    1.258665] e1000: Intel(R) PRO/1000 Network Driver - version 7.3.21-k8-NAPI
[    1.260335] e1000: Copyright (c) 1999-2006 Intel Corporation.
[    1.274562] Fusion MPT base driver 3.04.20
[    1.275672] Copyright (c) 1999-2008 LSI Corporation
[    1.335021] AVX2 version of gcm_enc/dec engaged.
[    1.336280] AES CTR mode by8 optimization enabled
[    1.339129] Fusion MPT SPI Host driver 3.04.20
[    1.486049] input: ImExPS/2 Generic Explorer Mouse as /devices/platform/i8042/serio1/input/input4
[    1.717100] e1000 0000:00:03.0 eth0: (PCI:33MHz:32-bit) 02:a9:c7:4f:3f:23
[    1.718791] e1000 0000:00:03.0 eth0: Intel(R) PRO/1000 Network Connection
[    1.721508] mptbase: ioc0: Initiating bringup
[    1.816903] ioc0: LSI53C1030 A0: Capabilities={Initiator}
[    2.066089] scsi host2: ioc0: LSI53C1030 A0, FwRev=00000000h, Ports=1, MaxQ=256, IRQ=20
[    2.237007] scsi 2:0:0:0: Direct-Access     VBOX     HARDDISK         1.0  PQ: 0 ANSI: 5
[    2.245812] scsi target2:0:0: Beginning Domain Validation
[    2.247732] random: fast init done
[    2.249023] scsi target2:0:0: Domain Validation skipping write tests
[    2.250473] scsi target2:0:0: Ending Domain Validation
[    2.251761] scsi target2:0:0: asynchronous
[    2.254200] scsi 2:0:1:0: Direct-Access     VBOX     HARDDISK         1.0  PQ: 0 ANSI: 5
[    2.258004] scsi target2:0:1: Beginning Domain Validation
[    2.260168] scsi target2:0:1: Domain Validation skipping write tests
[    2.261476] scsi target2:0:1: Ending Domain Validation
[    2.262669] scsi target2:0:1: asynchronous
[    2.267898] random: systemd-udevd: uninitialized urandom read (16 bytes read)
[    2.271266] random: systemd-udevd: uninitialized urandom read (16 bytes read)
[    2.274864] sd 2:0:0:0: [sda] 20971520 512-byte logical blocks: (10.7 GB/10.0 GiB)
[    2.276808] sd 2:0:0:0: [sda] Write Protect is off
[    2.278052] sd 2:0:0:0: Attached scsi generic sg0 type 0
[    2.279404] sd 2:0:0:0: [sda] Incomplete mode parameter data
[    2.280630] sd 2:0:0:0: [sda] Assuming drive cache: write through
[    2.282311] sd 2:0:1:0: [sdb] 20480 512-byte logical blocks: (10.5 MB/10.0 MiB)
[    2.283874] sd 2:0:1:0: [sdb] Write Protect is off
[    2.286206] sd 2:0:1:0: Attached scsi generic sg1 type 0
[    2.287620] sd 2:0:1:0: [sdb] Incomplete mode parameter data
[    2.288984] sd 2:0:1:0: [sdb] Assuming drive cache: write through
[    2.299659]  sda: sda1
[    2.300940] random: systemd-udevd: uninitialized urandom read (16 bytes read)
[    2.304318] sd 2:0:0:0: [sda] Attached SCSI disk
[    2.322521] sd 2:0:1:0: [sdb] Attached SCSI disk
[    2.672796] e1000 0000:00:08.0 eth1: (PCI:33MHz:32-bit) 08:00:27:4b:8c:bf
[    2.675254] e1000 0000:00:08.0 eth1: Intel(R) PRO/1000 Network Connection
[    2.678952] e1000 0000:00:08.0 enp0s8: renamed from eth1
[    2.682426] e1000 0000:00:03.0 enp0s3: renamed from eth0
Begin: Loading essential drivers ... [    4.209515] raid6: sse2x1   gen()  6006 MB/s
[    4.270138] raid6: sse2x1   xor()  5174 MB/s
[    4.335376] raid6: sse2x2   gen() 10229 MB/s
[    4.402574] raid6: sse2x2   xor()  6716 MB/s
[    4.467850] raid6: sse2x4   gen() 12275 MB/s
[    4.529791] raid6: sse2x4   xor()  6776 MB/s
[    4.589970] raid6: avx2x1   gen() 14123 MB/s
[    4.653981] raid6: avx2x1   xor() 11451 MB/s
[    4.719037] raid6: avx2x2   gen() 19744 MB/s
[    4.784227] raid6: avx2x2   xor() 11917 MB/s
[    4.849822] raid6: avx2x4   gen() 21605 MB/s
[    4.913955] raid6: avx2x4   xor() 13952 MB/s
[    4.917449] raid6: using algorithm avx2x4 gen() 21605 MB/s
[    4.921577] raid6: .... xor() 13952 MB/s, rmw enabled
[    4.923224] raid6: using avx2x2 recovery algorithm
[    4.927224] xor: automatically using best checksumming function   avx       
[    4.931869] async_tx: api initialized (async)
done.
Begin: Running /scripts/init-premount ... done.
Begin: Mounting root file system ... Begin: Running /scripts/local-top ... done.
Begin: Running /scripts/local-premount ... [    5.016545] Btrfs loaded, crc32c=crc32c-intel
Scanning for Btrfs filesystems
done.
Warning: fsck not present, so skipping root file system
[    5.072330] EXT4-fs (sda1): mounted filesystem with ordered data mode. Opts: (null)
done.
Begin: Running /scripts/local-bottom ... done.
Begin: Running /scripts/init-bottom ... done.
[    5.343917] ip_tables: (C) 2000-2006 Netfilter Core Team
[    5.357782] systemd[1]: systemd 237 running in system mode. (+PAM +AUDIT +SELINUX +IMA +APPARMOR +SMACK +SYSVINIT +UTMP +LIBCRYPTSETUP +GCRYPT +GNUTLS +ACL +XZ +LZ4 +SECCOMP +BLKID +ELFUTILS +KMOD -IDN2 +IDN -PCRE2 default-hierarchy=hybrid)
[    5.362903] systemd[1]: Detected virtualization oracle.
[    5.365429] systemd[1]: Detected architecture x86-64.

Welcome to [1mUbuntu 18.04.4 LTS[0m!

[    5.380372] systemd[1]: Set hostname to <php73>.
[    5.720229] systemd[1]: Created slice System Slice.
[[0;32m  OK  [0m] Created slice System Slice.
[    5.725090] systemd[1]: Listening on Journal Audit Socket.
[[0;32m  OK  [0m] Listening on Journal Audit Socket.
[    5.728669] systemd[1]: Set up automount Arbitrary Executable File Formats File System Automount Point.
[[0;32m  OK  [0m] Set up automount Arbitrary Executab…rmats File System Automount Point.
[    5.733293] systemd[1]: Listening on LVM2 poll daemon socket.
[[0;32m  OK  [0m] Listening on LVM2 poll daemon socket.
[    5.737289] systemd[1]: Listening on udev Kernel Socket.
[[0;32m  OK  [0m] Listening on udev Kernel Socket.
[    5.740282] systemd[1]: Listening on udev Control Socket.
[[0;32m  OK  [0m] Listening on udev Control Socket.
[[0;32m  OK  [0m] Created slice system-serial\x2dgetty.slice.
[[0;32m  OK  [0m] Listening on LVM2 metadata daemon socket.
[[0;32m  OK  [0m] Reached target Swap.
[[0;32m  OK  [0m] Reached target User and Group Name Lookups.
[[0;32m  OK  [0m] Started Forward Password Requests to Wall Directory Watch.
[[0;32m  OK  [0m] Listening on Journal Socket.
         Mounting Huge Pages File System...
         Mounting Kernel Debug File System...
         Starting Uncomplicated firewall...
         Mounting POSIX Message Queue File System...
         Starting Set the console keyboard layout...
         Starting udev Coldplug all Devices...
         Starting Load Kernel Modules...
         Starting Remount Root and Kernel File Systems...
[[0;32m  OK  [0m] Listening on /dev/initctl Compatibility Named Pipe.
[[0;32m  OK  [0m] Listening on Syslog Socket.
         Starting Create list of required st…ce nodes for the current kernel...
[[0;32m  OK  [0m] Listening on Device-mapper event daemon FIFOs.
         Starting Monitoring of LVM2 mirrors…ng dmeventd or progress polling...
[[0;32m  OK  [0m] Listening on Network Service Netlink Socket.
[[0;32m  OK  [0m] Listening on Journal Socket (/dev/log).
         Starting Journal Service...
[[0;32m  OK  [0m] Created slice User and Session Slice.
[    5.902266] Loading iSCSI transport class v2.0-870.
[[0;32m  OK  [0m] Reached target Slices.
[[0;32m  OK  [0m] Reached target System Time Synchronized.
[[    5.908290] EXT4-fs (sda1): re-mounted. Opts: (null)
[0;32m  OK  [0m] Mounted Huge Pages File System.
[[0;32m  OK  [0m] Mounted Kernel Debug File System.
[[0;32m  OK  [0m] Started Uncomplicated firewall.
[[0;32m  OK  [0m] Mounted POSIX Message Queue File System.
[[0;32m  OK  [0m] Started Remount Root and Kernel File Systems.
[[0;32m  OK  [0m] Started Create list of required sta…vice nodes for the current kernel.
[[0;32m  OK  [0m] Started LVM2 metadata daemon.
         Starting Create Static Device Nodes in /dev...
         Starting Load/Save Random Seed...
[[0;32m  OK  [0m] Started Load/Save Random Seed.
[    6.054723] iscsi: registered transport (tcp)
[[0;32m  OK  [0m] Started udev Coldplug all Devices.
[[0;32m  OK  [0m] Started Create Static Device Nodes in /dev.
         Starting udev Kernel Device Manager...
[[0;32m  OK  [0m] Started Journal Service.
         Starting Flush Journal to Persistent Storage...
[[0;32m  OK  [0m] Started udev Kernel Device Manager.
[[0;32m  OK  [0m] Started Set the console keyboard layout.
[[0;32m  OK  [0m] Started Dispatch Password Requests to Console Directory Watch.
[[0;32m  OK  [0m] Reached target Local Encrypted Volumes.
[[0;32m  OK  [0m] Started Monitoring of LVM2 mirrors,…sing dmeventd or progress polling.
[[0;32m  OK  [0m] Reached target Local File Systems (Pre).
[[0;32m  OK  [0m] Reached target Local File Systems.
         Starting ebtables ruleset management...
         Starting Tell Plymouth To Write Out Runtime Data...
         Starting Set console font and keymap...
         Starting AppArmor initialization...
[[0;32m  OK  [0m] Started Set console font and keymap.
[    6.268146] systemd-journald[411]: Received request to flush runtime journal from PID 1
[[0;32m  OK  [0m] Started Tell Plymouth To Write Out Runtime Data.
[    6.338227] iscsi: registered transport (iser)
[[0;32m  OK  [0m] Started Load Kernel Modules.
         Starting Apply Kernel Variables...
         Mounting Kernel Configuration File System...
         Mounting FUSE Control File System...
[[0;32m  OK  [0m] Mounted Kernel Configuration File System.
[[0;32m  OK  [0m] Mounted FUSE Control File System.
[[0;32m  OK  [0m] Started Apply Kernel Variables.
[[0;32m  OK  [0m] Started ebtables ruleset management.
[[0;32m  OK  [0m] Started Flush Journal to Persistent Storage.
         Starting Create Volatile Files and Directories...
[[0;32m  OK  [0m] Started Create Volatile Files and Directories.
         Starting Update UTMP about System Boot/Shutdown...
[[0;32m  OK  [0m] Started Update UTMP about System Boot/Shutdown.
[[0;32m  OK  [0m] Started AppArmor initialization.
         Starting Initial cloud-init job (pre-networking)...
         Starting Load AppArmor profiles managed internally by snapd...
[[0;32m  OK  [0m] Started Load AppArmor profiles managed internally by snapd.
[[0;32m  OK  [0m] Found device /dev/ttyS0.
[[0;32m  OK  [0m] Listening on Load/Save RF Kill Switch Status /dev/rfkill Watch.
[    8.712772] cloud-init[516]: Cloud-init v. 20.2-45-g5f7825e2-0ubuntu1~18.04.1 running 'init-local' at Wed, 09 Sep 2020 14:00:39 +0000. Up 8.47 seconds.
[[0;32m  OK  [0m] Started Initial cloud-init job (pre-networking).
[[0;32m  OK  [0m] Reached target Network (Pre).
         Starting Network Service...
[[0;32m  OK  [0m] Started Network Service.
         Starting Wait for Network to be Configured...
         Starting Network Name Resolution...
[[0;32m  OK  [0m] Started Network Name Resolution.
[[0;32m  OK  [0m] Reached target Network.
[[0;32m  OK  [0m] Reached target Host and Network Name Lookups.
[[0;32m  OK  [0m] Started Wait for Network to be Configured.
         Starting Initial cloud-init job (metadata service crawler)...
[   11.620564] cloud-init[632]: Cloud-init v. 20.2-45-g5f7825e2-0ubuntu1~18.04.1 running 'init' at Wed, 09 Sep 2020 14:00:41 +0000. Up 11.35 seconds.
[   11.622999] cloud-init[632]: ci-info: ++++++++++++++++++++++++++++++++++++++Net device info+++++++++++++++++++++++++++++++++++++++
[   11.628703] cloud-init[632]: ci-info: +--------+------+-----------------------------+---------------+--------+-------------------+
[   11.631348] cloud-init[632]: ci-info: | Device |  Up  |           Address           |      Mask     | Scope  |     Hw-Address    |
[   11.633432] cloud-init[632]: ci-info: +--------+------+-----------------------------+---------------+--------+-------------------+
[   11.635533] cloud-init[632]: ci-info: | enp0s3 | True |          10.0.2.15          | 255.255.255.0 | global | 02:a9:c7:4f:3f:23 |
[   11.640029] cloud-init[632]: ci-info: | enp0s3 | True |  fe80::a9:c7ff:fe4f:3f23/64 |       .       |  link  | 02:a9:c7:4f:3f:23 |
[   11.644393] cloud-init[632]: ci-info: | enp0s8 | True |           10.1.1.3          | 255.255.255.0 | global | 08:00:27:4b:8c:bf |
[   11.656444] cloud-init[632]: ci-info: | enp0s8 | True | fe80::a00:27ff:fe4b:8cbf/64 |       .       |  link  | 08:00:27:4b:8c:bf |
[   11.658282] cloud-init[632]: ci-info: |   lo   | True |          127.0.0.1          |   255.0.0.0   |  host  |         .         |
[   11.660695] cloud-init[632]: ci-info: |   lo   | True |           ::1/128           |       .       |  host  |         .         |
[   11.663601] cloud-init[632]: ci-info: +--------+------+-----------------------------+---------------+--------+-------------------+
[   11.665404] cloud-init[632]: ci-info: ++++++++++++++++++++++++++++Route IPv4 info+++++++++++++++++++++++++++++
[   11.676410] cloud-init[632]: ci-info: +-------+-------------+----------+-----------------+-----------+-------+
[   11.679741] cloud-init[632]: ci-info: | Route | Destination | Gateway  |     Genmask     | Interface | Flags |
[   11.684140] cloud-init[632]: ci-info: +-------+-------------+----------+-----------------+-----------+-------+
[   11.696367] cloud-init[632]: ci-info: |   0   |   0.0.0.0   | 10.0.2.2 |     0.0.0.0     |   enp0s3  |   UG  |
[   11.698993] cloud-init[632]: ci-info: |   1   |   10.0.2.0  | 0.0.0.0  |  255.255.255.0  |   enp0s3  |   U   |
[   11.701100] cloud-init[632]: ci-info: |   2   |   10.0.2.2  | 0.0.0.0  | 255.255.255.255 |   enp0s3  |   UH  |
[   11.703185] cloud-init[632]: ci-info: |   3   |   10.1.1.0  | 0.0.0.0  |  255.255.255.0  |   enp0s8  |   U   |
[   11.710615] cloud-init[632]: ci-info: +-------+-------------+----------+-----------------+-----------+-------+
[   11.712438] cloud-init[632]: ci-info: +++++++++++++++++++Route IPv6 info+++++++++++++++++++
[   11.714689] cloud-init[632]: ci-info: +-------+-------------+---------+-----------+-------+
[   11.715905] cloud-init[632]: ci-info: | Route | Destination | Gateway | Interface | Flags |
[   11.717521] cloud-init[632]: ci-info: +-------+-------------+---------+-----------+-------+
[   11.720325] cloud-init[632]: ci-info: |   1   |  fe80::/64  |    ::   |   enp0s8  |   U   |
[   11.728449] cloud-init[632]: ci-info: |   2   |  fe80::/64  |    ::   |   enp0s3  |   U   |
[   11.730552] cloud-init[632]: ci-info: |   4   |    local    |    ::   |   enp0s3  |   U   |
[   11.748943] cloud-init[632]: ci-info: |   5   |    local    |    ::   |   enp0s8  |   U   |
[   11.750525] cloud-init[632]: ci-info: |   6   |   ff00::/8  |    ::   |   enp0s8  |   U   |
[   11.751969] cloud-init[632]: ci-info: |   7   |   ff00::/8  |    ::   |   enp0s3  |   U   |
[   11.753627] cloud-init[632]: ci-info: +-------+-------------+---------+-----------+-------+
[[0;32m  OK  [0m] Started Initial cloud-init job (metadata service crawler).
[[0;32m  OK  [0m] Reached target Cloud-config availability.
[[0;32m  OK  [0m] Reached target Network is Online.
[[0;32m  OK  [0m] Reached target Remote File Systems (Pre).
[[0;32m  OK  [0m] Reached target Remote File Systems.
         Starting Availability of block devices...
[[0;32m  OK  [0m] Reached target System Initialization.
[[0;32m  OK  [0m] Started Clean PHP session files every 30 mins.
[[0;32m  OK  [0m] Started Message of the Day.
[[0;32m  OK  [0m] Started Daily Cleanup of Temporary Directories.
[[0;32m  OK  [0m] Started Discard unused blocks once a week.
[[0;32m  OK  [0m] Listening on UUID daemon activation socket.
[[0;32m  OK  [0m] Listening on Open-iSCSI iscsid Socket.
[[0;32m  OK  [0m] Started ACPI Events Check.
[[0;32m  OK  [0m] Reached target Paths.
[[0;32m  OK  [0m] Listening on D-Bus System Message Bus Socket.
         Starting Socket activation for snappy daemon.
[[0;32m  OK  [0m] Started Daily apt download activities.
[[0;32m  OK  [0m] Started Daily apt upgrade and clean activities.
[[0;32m  OK  [0m] Reached target Timers.
         Starting LXD - unix socket.
[[0;32m  OK  [0m] Listening on ACPID Listen Socket.
[[0;32m  OK  [0m] Started Availability of block devices.
[[0;32m  OK  [0m] Listening on Socket activation for snappy daemon.
[[0;32m  OK  [0m] Listening on LXD - unix socket.
[[0;32m  OK  [0m] Reached target Sockets.
[[0;32m  OK  [0m] Reached target Basic System.
[[0;32m  OK  [0m] Started Deferred execution scheduler.
         Starting Dispatcher daemon for systemd-networkd...
         Starting System Logging Service...
         Starting Message of the Day...
         Starting LSB: automatic crash report generation...
         Starting Clean php session files...
         Starting OpenBSD Secure Shell server...
[[0;32m  OK  [0m] Started FUSE filesystem for LXC.
[[0;32m  OK  [0m] Started Regular background program processing daemon.
[[0;32m  OK  [0m] Started D-Bus System Message Bus.
         Starting The Apache HTTP Server...
         Starting Permit User Sessions...
         Starting Login Service...
         Starting Accounts Service...
         Starting LSB: Record successful boot for GRUB...
         Starting Snap Daemon...
         Starting Virtualbox guest utils...
[[0;32m  OK  [0m] Started irqbalance daemon.
         Starting LXD - container startup/shutdown...
[[0;32m  OK  [0m] Started System Logging Service.
[[0;32m  OK  [0m] Started Permit User Sessions.
         Starting Hold until boot process finishes up...
         Starting Terminate Plymouth Boot Screen...
[[0;32m  OK  [0m] Started Hold until boot process finishes up.
[[0;32m  OK  [0m] Started Terminate Plymouth Boot Screen.
[[0;32m  OK  [0m] Started Serial Getty on ttyS0.
         Starting Set console scheme...
[[0;32m  OK  [0m] Started OpenBSD Secure Shell server.
[[0;32m  OK  [0m] Started Set console scheme.
[[0;32m  OK  [0m] Created slice system-getty.slice.
[[0;32m  OK  [0m] Started Getty on tty1.
[[0;32m  OK  [0m] Reached target Login Prompts.
[[0;32m  OK  [0m] Started Login Service.
[[0;32m  OK  [0m] Started Unattended Upgrades Shutdown.
[[0;32m  OK  [0m] Started LSB: automatic crash report generation.
         Starting Authorization Manager...
[[0;32m  OK  [0m] Started LSB: Record successful boot for GRUB.
[[0;32m  OK  [0m] Started Authorization Manager.
[[0;32m  OK  [0m] Started Accounts Service.
[[0;32m  OK  [0m] Started Virtualbox guest utils.
[[0;32m  OK  [0m] Created slice User Slice of vagrant.
[[0;32m  OK  [0m] Started LXD - container startup/shutdown.
[[0;32m  OK  [0m] Started Session 1 of user vagrant.
         Starting User Manager for UID 1000...
[[0;32m  OK  [0m] Started The Apache HTTP Server.
[[0;32m  OK  [0m] Started Dispatcher daemon for systemd-networkd.
[[0;32m  OK  [0m] Started User Manager for UID 1000.
[[0;32m  OK  [0m] Started Snap Daemon.
         Starting Wait until snapd is fully seeded...
[[0;32m  OK  [0m] Started Wait until snapd is fully seeded.
[[0;32m  OK  [0m] Reached target Multi-User System.
[[0;32m  OK  [0m] Reached target Graphical Interface.
         Starting Update UTMP about System Runlevel Changes...
         Starting Apply the settings specified in cloud-config...
[[0;32m  OK  [0m] Started Update UTMP about System Runlevel Changes.
[[0;32m  OK  [0m] Started Clean php session files.
[[0;32m  OK  [0m] Started Message of the Day.
[   16.601578] cloud-init[948]: Cloud-init v. 20.2-45-g5f7825e2-0ubuntu1~18.04.1 running 'modules:config' at Wed, 09 Sep 2020 14:00:46 +0000. Up 16.26 seconds.
[[0;32m  OK  [0m] Started Apply the settings specified in cloud-config.
         Starting Execute cloud user/final scripts...
[   17.896598] cloud-init[1156]: Cloud-init v. 20.2-45-g5f7825e2-0ubuntu1~18.04.1 running 'modules:final' at Wed, 09 Sep 2020 14:00:48 +0000. Up 17.59 seconds.
[   17.900032] cloud-init[1156]: Cloud-init v. 20.2-45-g5f7825e2-0ubuntu1~18.04.1 finished at Wed, 09 Sep 2020 14:00:48 +0000. Datasource DataSourceNoCloud [seed=/dev/sdb][dsmode=net].  Up 17.87 seconds

Ubuntu 18.04.4 LTS php73 ttyS0

php73 login: [[0;32m  OK  [0m] Stopped target Graphical Interface.
         Stopping Accounts Service...
         Stopping User Manager for UID 1000...
         Stopping Availability of block devices...
         Stopping Session 29 of user vagrant.
[[0;32m  OK  [0m] Stopped target Timers.
[[0;32m  OK  [0m] Stopped Daily Cleanup of Temporary Directories.
[[0;32m  OK  [0m] Stopped Message of the Day.
[[0;32m  OK  [0m] Stopped Clean PHP session files every 30 mins.
[[0;32m  OK  [0m] Closed Load/Save RF Kill Switch Status /dev/rfkill Watch.
[[0;32m  OK  [0m] Stopped target Cloud-init target.
[[0;32m  OK  [0m] Stopped Execute cloud user/final scripts.
[[0;32m  OK  [0m] Stopped target Multi-User System.
         Stopping LSB: Record successful boot for GRUB...
         Stopping OpenBSD Secure Shell server...
         Stopping FUSE filesystem for LXC...
         Stopping Deferred execution scheduler...
         Stopping Dispatcher daemon for systemd-networkd...
         Stopping D-Bus System Message Bus...
[[0;32m  OK  [0m] Stopped target Login Prompts.
         Stopping Getty on tty1...
         Stopping Unattended Upgrades Shutdown...
         Stopping Virtualbox guest utils...
         Stopping System Logging Service...
         Stopping Regular background program processing daemon...
         Stopping The Apache HTTP Server...
         Stopping LSB: automatic crash report generation...
         Stopping LXD - container startup/shutdown...
[[0;32m  OK  [0m] Stopped Apply the settings specified in cloud-config.
[[0;32m  OK  [0m] Stopped Wait until snapd is fully seeded.
[[0;32m  OK  [0m] Stopped target Cloud-config availability.
[[0;32m  OK  [0m] Stopped target Network is Online.
         Stopping Serial Getty on ttyS0...
[[0;32m  OK  [0m] Stopped Daily apt upgrade and clean activities.
[[0;32m  OK  [0m] Stopped Daily apt download activities.
[[0;32m  OK  [0m] Stopped Discard unused blocks once a week.
[[0;32m  OK  [0m] Stopped target System Time Synchronized.
         Stopping Authorization Manager...
[[0;32m  OK  [0m] Unmounted /var/lib/lxcfs.
[[0;32m  OK  [0m] Stopped Deferred execution scheduler.
[[0;32m  OK  [0m] Stopped Dispatcher daemon for systemd-networkd.
[[0;32m  OK  [0m] Stopped Regular background program processing daemon.
[[0;32m  OK  [0m] Stopped Accounts Service.
[[0;32m  OK  [0m] Stopped System Logging Service.
[[0;32m  OK  [0m] Stopped OpenBSD Secure Shell server.
[[0;32m  OK  [0m] Stopped Getty on tty1.
[[0;32m  OK  [0m] Stopped Serial Getty on ttyS0.
[[0;32m  OK  [0m] Stopped Unattended Upgrades Shutdown.
[[0;32m  OK  [0m] Stopped Authorization Manager.
[[0;32m  OK  [0m] Stopped User Manager for UID 1000.
[[0;32m  OK  [0m] Stopped D-Bus System Message Bus.
[[0;32m  OK  [0m] Stopped FUSE filesystem for LXC.
[[0;32m  OK  [0m] Stopped Session 29 of user vagrant.
[[0;32m  OK  [0m] Removed slice User Slice of vagrant.
         Stopping Login Service...
[[0;32m  OK  [0m] Removed slice system-serial\x2dgetty.slice.
[[0;32m  OK  [0m] Removed slice system-getty.slice.
         Stopping Permit User Sessions...
[[0;32m  OK  [0m] Stopped Login Service.
[[0;32m  OK  [0m] Stopped LXD - container startup/shutdown.
[[0;32m  OK  [0m] Stopped Permit User Sessions.
[[0;32m  OK  [0m] Stopped target User and Group Name Lookups.
[[0;32m  OK  [0m] Stopped Availability of block devices.
[[0;32m  OK  [0m] Stopped LSB: Record successful boot for GRUB.
[[0;32m  OK  [0m] Stopped LSB: automatic crash report generation.
[[0;32m  OK  [0m] Stopped Virtualbox guest utils.
[[0;32m  OK  [0m] Stopped The Apache HTTP Server.
[[0;32m  OK  [0m] Stopped target Network.
[[0;32m  OK  [0m] Stopped target Basic System.
[[0;32m  OK  [0m] Stopped target Sockets.
[[0;32m  OK  [0m] Closed ACPID Listen Socket.
[[0;32m  OK  [0m] Closed Socket activation for snappy daemon.
[[0;32m  OK  [0m] Closed LXD - unix socket.
[[0;32m  OK  [0m] Closed Open-iSCSI iscsid Socket.
[[0;32m  OK  [0m] Closed Syslog Socket.
[[0;32m  OK  [0m] Closed D-Bus System Message Bus Socket.
[[0;32m  OK  [0m] Closed UUID daemon activation socket.
[[0;32m  OK  [0m] Stopped target Paths.
[[0;32m  OK  [0m] Stopped ACPI Events Check.
[[0;32m  OK  [0m] Stopped target Slices.
[[0;32m  OK  [0m] Removed slice User and Session Slice.
[[0;32m  OK  [0m] Stopped target System Initialization.
[[0;32m  OK  [0m] Stopped target Local Encrypted Volumes.
[[0;32m  OK  [0m] Stopped Forward Password Requests to Wall Directory Watch.
[[0;32m  OK  [0m] Stopped Dispatch Password Requests to Console Directory Watch.
         Stopping Update UTMP about System Boot/Shutdown...
[[0;32m  OK  [0m] Stopped Initial cloud-init job (metadata service crawler).
         Stopping Load/Save Random Seed...
[[0;32m  OK  [0m] Stopped target Host and Network Name Lookups.
         Stopping Network Name Resolution...
[[0;32m  OK  [0m] Stopped target Remote File Systems.
[[0;32m  OK  [0m] Stopped target Remote File Systems (Pre).
[[0;32m  OK  [0m] Stopped Network Name Resolution.
         Stopping Network Service...
[[0;32m  OK  [0m] Stopped Update UTMP about System Boot/Shutdown.
[[0;32m  OK  [0m] Stopped Create Volatile Files and Directories.
[[0;32m  OK  [0m] Stopped target Local File Systems.
         Unmounting /run/user/1000...
         Unmounting /vagrant...
[[0;32m  OK  [0m] Stopped Network Service.
[[0;32m  OK  [0m] Stopped Load/Save Random Seed.
[[0;32m  OK  [0m] Stopped target Network (Pre).
[[0;32m  OK  [0m] Stopped Initial cloud-init job (pre-networking).
[[0;32m  OK  [0m] Stopped Apply Kernel Variables.
[[0;32m  OK  [0m] Stopped Load Kernel Modules.
[[0;32m  OK  [0m] Unmounted /run/user/1000.
[[0;32m  OK  [0m] Stopped target Swap.
[[0;32m  OK  [0m] Unmounted /vagrant.
[[0;32m  OK  [0m] Reached target Unmount All Filesystems.
[[0;32m  OK  [0m] Stopped target Local File Systems (Pre).
[[0;32m  OK  [0m] Stopped Create Static Device Nodes in /dev.
[[0;32m  OK  [0m] Stopped Remount Root and Kernel File Systems.
[[0;32m  OK  [0m] Reached target Shutdown.
[[0;32m  OK  [0m] Reached target Final Step.
         Starting Power-Off...
         Stopping Monitoring of LVM2 mirrors…ng dmeventd or progress polling...
[29596.045318] reboot: Power down
